0 info it worked if it ends with ok
1 verbose cli [ 'C:\\Program Files\\nodejs\\node.exe',
1 verbose cli   'C:\\Program Files\\nodejs\\node_modules\\npm\\bin\\npm-cli.js',
1 verbose cli   'init' ]
2 info using npm@2.15.1
3 info using node@v4.4.3
4 silly package data undefined
5 info init written successfully
6 verbose stack Error: Cannot find module 'spdx'
6 verbose stack     at Function.Module._resolveFilename (module.js:325:15)
6 verbose stack     at Function.Module._load (module.js:276:25)
6 verbose stack     at Module.require (module.js:353:17)
6 verbose stack     at require (internal/module.js:12:17)
6 verbose stack     at Object.<anonymous> (C:\Program Files\nodejs\node_modules\npm\node_modules\init-package-json\node_modules\validate-npm-package-license\index.js:1:74)
6 verbose stack     at Module._compile (module.js:409:26)
6 verbose stack     at Object.Module._extensions..js (module.js:416:10)
6 verbose stack     at Module.load (module.js:343:32)
6 verbose stack     at Function.Module._load (module.js:300:12)
6 verbose stack     at Module.require (module.js:353:17)
7 verbose cwd E:\github\my_librarys\my_require_router
8 error Windows_NT 6.3.9600
9 error argv "C:\\Program Files\\nodejs\\node.exe" "C:\\Program Files\\nodejs\\node_modules\\npm\\bin\\npm-cli.js" "init"
10 error node v4.4.3
11 error npm  v2.15.1
12 error code MODULE_NOT_FOUND
13 error Cannot find module 'spdx'
14 error If you need help, you may report this error at:
14 error     <https://github.com/npm/npm/issues>
15 verbose exit [ 1, true ]
